/*C2*/SET SCHEMA PUBLIC
SET DATABASE TRANSACTION CONTROL MVCC
/*C3*/SET SCHEMA PUBLIC
SET DATABASE TRANSACTION CONTROL MVCC
/*C4*/SET SCHEMA PUBLIC
SET DATABASE TRANSACTION CONTROL MVCC
/*C5*/SET SCHEMA PUBLIC
SET DATABASE TRANSACTION CONTROL MVCC
/*C6*/SET SCHEMA PUBLIC
SET DATABASE TRANSACTION CONTROL MVCC
/*C7*/SET SCHEMA PUBLIC
SET DATABASE TRANSACTION CONTROL MVCC
/*C8*/SET SCHEMA PUBLIC
SET DATABASE TRANSACTION CONTROL MVCC
/*C9*/SET SCHEMA PUBLIC
SET DATABASE TRANSACTION CONTROL MVCC
/*C10*/SET SCHEMA PUBLIC
SET DATABASE TRANSACTION CONTROL MVCC
/*C4*/CREATE TABLE junit_numberseries ( serieskey VARCHAR(255)  NOT NULL ,seriestype int default 0  ,currentValue bigint  ,template VARCHAR(255)   , CONSTRAINT PK_2c994e1d1c0 PRIMARY KEY  ( serieskey ) )
/*C11*/SET SCHEMA PUBLIC
DISCONNECT
/*C12*/SET SCHEMA PUBLIC
SET DATABASE TRANSACTION CONTROL MVCC
/*C13*/SET SCHEMA PUBLIC
SET DATABASE TRANSACTION CONTROL MVCC
/*C14*/SET SCHEMA PUBLIC
SET DATABASE TRANSACTION CONTROL MVCC
/*C15*/SET SCHEMA PUBLIC
SET DATABASE TRANSACTION CONTROL MVCC
/*C16*/SET SCHEMA PUBLIC
SET DATABASE TRANSACTION CONTROL MVCC
/*C17*/SET SCHEMA PUBLIC
SET DATABASE TRANSACTION CONTROL MVCC
/*C5*/DISCONNECT
/*C18*/SET SCHEMA PUBLIC
SET DATABASE TRANSACTION CONTROL MVCC
/*C8*/DISCONNECT
/*C19*/SET SCHEMA PUBLIC
SET DATABASE TRANSACTION CONTROL MVCC
/*C9*/DISCONNECT
/*C20*/SET SCHEMA PUBLIC
SET DATABASE TRANSACTION CONTROL MVCC
/*C7*/DISCONNECT
/*C21*/SET SCHEMA PUBLIC
SET DATABASE TRANSACTION CONTROL MVCC
/*C6*/DISCONNECT
/*C22*/SET SCHEMA PUBLIC
SET DATABASE TRANSACTION CONTROL MVCC
/*C12*/DISCONNECT
/*C23*/SET SCHEMA PUBLIC
SET DATABASE TRANSACTION CONTROL MVCC
/*C10*/DISCONNECT
/*C4*/DISCONNECT
/*C24*/SET SCHEMA PUBLIC
SET DATABASE TRANSACTION CONTROL MVCC
/*C25*/SET SCHEMA PUBLIC
SET DATABASE TRANSACTION CONTROL MVCC
/*C15*/DISCONNECT
/*C26*/SET SCHEMA PUBLIC
SET DATABASE TRANSACTION CONTROL MVCC
/*C16*/DISCONNECT
/*C27*/SET SCHEMA PUBLIC
SET DATABASE TRANSACTION CONTROL MVCC
/*C13*/DISCONNECT
/*C28*/SET SCHEMA PUBLIC
SET DATABASE TRANSACTION CONTROL MVCC
/*C14*/DISCONNECT
/*C29*/SET SCHEMA PUBLIC
SET DATABASE TRANSACTION CONTROL MVCC
